[RUN #0 0 40]







































[RUN #1 0 40]



























[RUN #2 0 40]








































[RUN #3 1 40]
-913
-892
467
-589
762
872
905
-324
-534
-793
188
-446
-490
661
-642
714
7
926
-135
-620
139
-592
298
-645
-317
366
-700
641
206
-995
-784
718
-296
-819
-877
290
178
-82
-139
-328
[RUN #4 2 40]
-997 760
-131 -897
178 883
673 -361
688 -211
695 814
-648 806
490 207
424 -509
789 258
157 -621
-169 -312
-523 323
244 395
-487 645
853 58
61 248
-174 -234
-271 -196
-348 206
-872 -718
-419 421
-458 284
-466 450
860 150
993 625
-383 -197
117 361
-527 -548
-325 266
632 -315
139 -326
952 66
-933 36
514 348
428 -254
-775 832
-315 -819
139 516
-148 799
[RUN #5 3 40]
-390 -290 -602
-119 -489 703
438 473 68
421 675 135
-800 -712 -187
-315 456 106
-859 -391 -998
865 47 555
572 971 23
-406 498 -542
274 -165 -764
-155 -207 -105
-892 -442 160
19 60 -711
-601 708 -612
-450 372 -856
533 -361 -886
639 359 384
904 -614 177
-308 412 -815
-139 319 -306
-360 -55 562
21 -981 19
999 733 -376
125 -237 -27
77 -94 865
451 319 943
189 -915 498
552 394 254
938 -691 867
-70 -261 94
976 361 749
-290 -683 651
-559 999 309
888 -658 429
185 -685 895
-730 489 -343
-856 100 -567
-506 -642 -804
-32 126 263
[RUN #6 4 40]
-928 -888 978 126
-583 -206 -638 -785
967 184 -176 80
767 502 -949 37
207 474 582 -225
-911 20 -681 493
-532 -871 -59 358
-868 169 425 -853
712 -415 -561 -998
443 205 437 -488
-437 144 -779 -895
-739 -760 -255 408
-139 -323 555 931
-761 872 411 429
-19 -566 -940 698
282 -328 -537 -724
290 -10 -999 -638
826 -854 617 -555
-450 -751 -631 -32
845 -394 718 -116
445 -552 539 -950
225 -53 -992 415
-857 -1000 -746 -271
962 141 -990 34
533 -62 73 -149
461 -97 -482 -63
507 438 155 -800
-737 70 358 -215
-707 52 928 -486
221 -129 928 326
-564 803 -998 -585
720 -195 491 -629
-672 -799 656 -651
837 -853 530 680
643 141 435 -936
[RUN #7 0 40]









[RUN #8 0 40]

















[RUN #9 0 40]
























[RUN #10 0 40]








[RUN #11 0 40]








































[RUN #12 1 40]
541
589
-724
-153
-112
939
-89
-208
789
-391
-200
-779
602
193
-113
944
[RUN #13 0 40]








































[RUN #14 1 40]
-599
133
786
930
982
623
512
-341
-800
674
635
725
119
-743
65
750
-729
-908
-641
-416
-167
-831
556
157
-189
387
-140
-980
-445
-211
234
-192
9
60
-990
-77
8
-92
918
948
[RUN #15 2 40]
422 -845
541 427
161 550
-556 -803
937 321
259 -906
-792 -497
362 959
-934 977
327 326
-309 572
-586 408
-640 137
646 996
-181 -295
53 109
956 -922
-608 -526
-766 -608
768 -634
-675 -170
-412 -934
-590 -779
-161 -860
876 -498
271 -405
-447 370
-157 -911
-423 119
678 115
-122 -181
183 683
46 -431
516 764
503 995
-580 295
750 232
31 -989
297 -661
-796 161
[RUN #16 3 40]
-756 -208 435
-84 -783 953
-398 242 608
135 -480 -806
943 -444 126
119 -337 265
554 -786 -717
-987 -819 766
-923 -609 201
-794 854 502
-214 962 321
-993 -690 -374
170 -800 93
101 -436 900
-906 778 241
256 552 180
-992 -797 331
524 -239 896
[RUN #17 0 40]








































[RUN #18 1 40]
578
304
-166
226
-443
-163
-769
-798
305
917
-88
-173
398
-148
276
-772
263
-463
-776
-976
254
719
-340
-547
841
-37
562
424
-494
145
-990
170
-251
854
-428
-173
-559
-579
-413
-762
[RUN #19 2 40]
-180 -2
554 -278
-394 222
311 -779
832 -476
-464 772
558 -480
176 749
956 690
449 -256
589 -333
557 -857
966 -358
369 949
-986 508
-582 -30
126 -82
-386 -275
51 -85
166 748
-226 507
-443 93
-26 85
-596 -7
278 75
-223 446
406 233
-695 676
950 -155
-275 398
-507 -626
[RUN #20 0 40]








































[RUN #21 1 40]
-739
241
914
1
-627
156
632
-90
978
-741
136
393
-125
697
-363
238
447
-664
-827
588
-695
131
805
-61
192
-836
-589
636
-423
-187
-924
62
225
401
60
-811
555
-577
-596
762
[RUN #22 2 40]
641 -242
-752 260
-917 570
4 497
-664 484
-898 -826
728 433
629 -732
-167 763
71 945
-749 119
251 665
-757 -868
-978 -842
24 309
-733 -166
-637 -371
-784 70
-961 498
-290 786
-617 -449
841 411
278 -575
42 260
62 -481
735 622
-343 -482
-946 -275
-22 152
-747 652
607 -273
856 107
864 415
694 760
-640 780
-939 -537
632 -356
-354 306
671 -322
-153 -367
[RUN #23 3 40]
-921 -26 -859
691 976 -54
-997 739 -93
-915 -107 -896
892 692 149
251 986 -383
-181 342 -130
176 870 738
-807 -800 -829
364 -575 -150
273 -305 -476
-307 371 623
269 331 344
-676 439 -648
-964 473 -792
80 -977 -422
[RUN #24 0 40]








































[RUN #25 1 40]
-843
-535
-300
-587
-370
-526
-956
625
-783
210
-283
-356
730
802
260
49
301
578
-85
355
342
371
-562
-608
-361
-789
-639
-62
483
-51
181
543
-727
-189
483
383
648
357
937
848
[RUN #26 2 40]
440 -584
577 -58
581 212
133 306
[RUN #27 0 40]








































[RUN #28 1 40]
503
-358
-654
746
-143
673
11
407
-45
579
-576
435
836
930
760
-742
683
179
380
-25
367
832
-980
341
-845
990
-947
-996
564
0
713
782
519
138
-287
-970
-998
475
-366
222
[RUN #29 2 40]
672 830
572 262
871 934
402 -637
329 427
-853 105
655 -974
-510 13
852 926
-603 -19
940 -630
756 -224
781 -979
269 -975
-312 -388
218 786
707 101
646 796
601 987
-26 575
[RUN #30 0 40]








































[RUN #31 1 40]
-68
794
-667
-424
-478
621
696
-49
203
419
602
-562
496
440
226
-633
497
444
203
-918
206
887
-317
577
-376
82
-367
-849
943
-566
929
533
444
-989
954
962
-284
859
281
851
[RUN #32 2 40]
352 -974
35 424
73 97
-337 406
898 346
690 -430
184 -340
-18 -839
-790 470
-369 613
502 -173
-350 231
871 86
-528 -157
229 -641
-368 261
766 -887
-491 525
-205 -58
184 349
-910 -802
-393 180
[RUN #33 0 40]










[RUN #34 0 5]





[RUN #35 1 5]
-965
716
-503
869
486
[RUN #36 2 5]
-405 -713
781 -416
-448 -369
965 813
-601 -944
[RUN #37 3 5]
826 438 -720
49 510 -329
[RUN #38 0 5]





[RUN #39 1 5]
-490
-56
196
978
[RUN #40 0 5]
